<?xml version="1.0" encoding="UTF-8"?>
<!-- Generated by org.testng.reporters.JUnitXMLReporter -->
<testsuite ignored="0" hostname="DESKTOP-UHQR9T6" failures="1" tests="1" name="My TestLeaf Project Test" time="0.499" errors="0" timestamp="2022-02-27T15:28:02 IST">
  <testcase classname="BaseClassPackage.BaseClass" name="@AfterMethod CloseBrowser" time="0.0">
    <failure type="java.lang.NullPointerException" message="Cannot invoke &amp;quot;org.openqa.selenium.WebDriver.quit()&amp;quot; because &amp;quot;BaseClassPackage.BaseClass.driver&amp;quot; is null">
      <![CDATA[java.lang.NullPointerException: Cannot invoke "org.openqa.selenium.WebDriver.quit()" because "BaseClassPackage.BaseClass.driver" is null
at BaseClassPackage.BaseClass.CloseBrowser(BaseClass.java:47)
at java.base/java.util.ArrayList.forEach(ArrayList.java:1511)
... Removed 32 stack frames]]>
    </failure>
  </testcase> <!-- @AfterMethod CloseBrowser -->
  <testcase classname="TestCases.FirstTestCase" name="Editpage" time="0.243">
    <failure type="java.lang.NullPointerException" message="Cannot invoke &amp;quot;org.openqa.selenium.WebElement.click()&amp;quot; because &amp;quot;this.EditButton&amp;quot; is null">
      <![CDATA[java.lang.NullPointerException: Cannot invoke "org.openqa.selenium.WebElement.click()" because "this.EditButton" is null
at PageObjectPackage.EditPageObjectModel.ClickonEditButton(EditPageObjectModel.java:15)
at TestCases.FirstTestCase.Editpage(FirstTestCase.java:13)
at java.base/java.util.ArrayList.forEach(ArrayList.java:1511)
... Removed 27 stack frames]]>
    </failure>
  </testcase> <!-- Editpage -->
</testsuite> <!-- My TestLeaf Project Test -->
